2022-03-08T11:14:57.015999Z LOG pgloader version "3.6.3~devel"
2022-03-08T11:14:57.087994Z LOG Migrating from #<MYSQL-CONNECTION mysql://user@mysql:3306/database {100654F983}>
2022-03-08T11:14:57.087994Z LOG Migrating into #<PGSQL-CONNECTION pgsql://postgres@localhost:5432/postgres {1006550643}>
2022-03-08T11:14:57.459969Z LOG report summary reset
             table name     errors       rows      bytes      total time
-----------------------  ---------  ---------  ---------  --------------
        fetch meta data          0          9                     0.092s
         Create Schemas          0          0                     0.000s
       Create SQL Types          0          0                     0.012s
          Create tables          0          4                     0.020s
         Set Table OIDs          0          2                     0.012s
-----------------------  ---------  ---------  ---------  --------------
     database.employees          0         23     1.6 kB          0.024s
     database.customers          0        122    13.6 kB          0.068s
-----------------------  ---------  ---------  ---------  --------------
COPY Threads Completion          0          8                     0.068s
         Create Indexes          0          5                     0.044s
 Index Build Completion          0          5                     0.020s
        Reset Sequences          0          0                     0.012s
           Primary Keys          0          2                     0.004s
    Create Foreign Keys          0          2                     0.004s
        Create Triggers          0          0                     0.000s
       Install Comments          0          0                     0.000s
-----------------------  ---------  ---------  ---------  --------------
      Total import time          ✓        145    15.3 kB          0.152s
